  Using 'git status' to determine working set for adaptive non-unity build (D:\File\UE4_Shooting_Game_CPP).
  Building ShootingGame_CPPEditor...
  Using Visual Studio 2019 14.29.30139 toolchain (C:\Program Files (x86)\Microsoft Visual Studio\2019\Community\VC\Tools\MSVC\14.29.30133) and Windows 10.0.20348.0 SDK (C:\Program Files (x86)\Windows Kits\10).
  Distributing 4 actions to XGE
  --------------------Build System Warning---------------------------------------
  License is invalid:
      License information is invalid. Please try reloading your license file using the Coordinator Monitor application on the Coordinator machine, or reinstall IncrediBuild.
      This build will run in standalone mode.
  
  -------------------------------------------------------------------------------
  --------------------Project: Default-------------------------------------------
  Weapon.cpp (0:04.73 at +0:00)
  UE4Editor-ShootingGame_CPP-Win64-DebugGame.dll (0:02.28 at +0:04)
     Creating library D:\File\UE4_Shooting_Game_CPP\ShootingGame_CPP\Intermediate\Build\Win64\UE4Editor\DebugGame\ShootingGame_CPP\UE4Editor-ShootingGame_CPP-Win64-DebugGame.suppressed.lib and object D:\File\UE4_Shooting_Game_CPP\ShootingGame_CPP\Intermediate\Build\Win64\UE4Editor\DebugGame\ShootingGame_CPP\UE4Editor-ShootingGame_CPP-Win64-DebugGame.suppressed.exp
  UE4Editor-ShootingGame_CPP-Win64-DebugGame.lib (0:00.17 at +0:07)
     Creating library D:\File\UE4_Shooting_Game_CPP\ShootingGame_CPP\Intermediate\Build\Win64\UE4Editor\DebugGame\ShootingGame_CPP\UE4Editor-ShootingGame_CPP-Win64-DebugGame.lib and object D:\File\UE4_Shooting_Game_CPP\ShootingGame_CPP\Intermediate\Build\Win64\UE4Editor\DebugGame\ShootingGame_CPP\UE4Editor-ShootingGame_CPP-Win64-DebugGame.exp
  ShootingGame_CPPEditor-Win64-DebugGame.target (0:00.26 at +0:07)
  ---------------------- Done ----------------------
  
      Rebuild All: 1 succeeded, 0 failed, 0 skipped
  
  1 build system warning(s):
     - License is invalid
  
  Total time in XGE executor: 7.74 seconds
  Total execution time: 8.28 seconds
